#-----------------------------------------------------------
# Vivado v2016.4 (64-bit)
# SW Build 1756540 on Mon Jan 23 19:11:23 MST 2017
# IP Build 1755317 on Mon Jan 23 20:30:07 MST 2017
# Start of session at: Sun May 06 17:17:50 2018
# Process ID: 4256
# Current directory: C:/Users/Bohar Anamaria/Desktop/semestrul2/AC/Laboratoare/test_env
# Command line: vivado.exe -gui_launcher_event rodinguilauncherevent1584 C:\Users\Bohar Anamaria\Desktop\semestrul2\AC\Laboratoare\test_env\test_env.xpr
# Log file: C:/Users/Bohar Anamaria/Desktop/semestrul2/AC/Laboratoare/test_env/vivado.log
# Journal file: C:/Users/Bohar Anamaria/Desktop/semestrul2/AC/Laboratoare/test_env\vivado.jou
#-----------------------------------------------------------
start_gui
open_project {C:/Users/Bohar Anamaria/Desktop/semestrul2/AC/Laboratoare/test_env/test_env.xpr}
Scanning sources...
Finished scanning sources
INFO: [IP_Flow 19-234] Refreshing IP repositories
INFO: [IP_Flow 19-1704] No user IP repositories specified
INFO: [IP_Flow 19-2313] Loaded Vivado IP repository 'C:/Xilinx/Vivado/2016.4/data/ip'.
open_project: Time (s): cpu = 00:00:12 ; elapsed = 00:00:09 . Memory (MB): peak = 771.914 ; gain = 140.965
exit
INFO: [Common 17-206] Exiting Vivado at Sun May 06 17:25:11 2018...
